<?xml version="1.0" encoding="UTF-8" ?>
<testsuite tests="2" failures="0" name="com.scarb.service.LadderServiceTest" time="2.676" errors="0" skipped="0">
  <properties>
    <property name="idea.version" value="2016.2.2"/>
    <property name="java.runtime.name" value="Java(TM) SE Runtime Environment"/>
    <property name="sun.boot.library.path" value="E:\Java\jdk1.8.0_40\jre\bin"/>
    <property name="java.vm.version" value="25.40-b25"/>
    <property name="java.vm.vendor" value="Oracle Corporation"/>
    <property name="java.vendor.url" value="http://java.oracle.com/"/>
    <property name="path.separator" value=";"/>
    <property name="guice.disable.misplaced.annotation.check" value="true"/>
    <property name="java.vm.name" value="Java HotSpot(TM) 64-Bit Server VM"/>
    <property name="file.encoding.pkg" value="sun.io"/>
    <property name="idea.launcher.port" value="7532"/>
    <property name="user.script" value=""/>
    <property name="user.country" value="US"/>
    <property name="sun.java.launcher" value="SUN_STANDARD"/>
    <property name="sun.os.patch.level" value="Service Pack 1"/>
    <property name="java.vm.specification.name" value="Java Virtual Machine Specification"/>
    <property name="user.dir" value="I:\WS-Web\SC2RankCN"/>
    <property name="java.runtime.version" value="1.8.0_40-b25"/>
    <property name="java.awt.graphicsenv" value="sun.awt.Win32GraphicsEnvironment"/>
    <property name="java.endorsed.dirs" value="E:\Java\jdk1.8.0_40\jre\lib\endorsed"/>
    <property name="os.arch" value="amd64"/>
    <property name="java.io.tmpdir" value="C:\Users\Scarb\AppData\Local\Temp\"/>
    <property name="line.separator" value="
"/>
    <property name="java.vm.specification.vendor" value="Oracle Corporation"/>
    <property name="user.variant" value=""/>
    <property name="os.name" value="Windows 7"/>
    <property name="classworlds.conf" value="E:\IntelliJ IDEA\plugins\maven\lib\maven3\bin\m2.conf"/>
    <property name="sun.jnu.encoding" value="GBK"/>
    <property name="java.library.path" value="E:\Java\jdk1.8.0_40\bin;C:\Windows\Sun\Java\bin;C:\Windows\system32;C:\Windows;E:\Python27\Lib\site-packages\PyQt4;E:\Python35\Scripts\;E:\Python35\;C:\Program Files (x86)\Razer Chroma SDK\bin;C:\Program Files\Razer Chroma SDK\bin;E:\Python27\;E:\Python27\Scripts;E:\Python27;E:\Java\jdk1.8.0_40\bin;C:\ProgramData\Oracle\Java\javapath;C:\Program Files (x86)\Intel\iCLS Client\;C:\Program Files\Intel\iCLS Client\;C:\Windows\system32;C:\Windows;C:\Windows\System32\Wbem;C:\Windows\System32\WindowsPowerShell\v1.0\;C:\Program Files\Intel\Intel(R) Management Engine Components\DAL;C:\Program Files\Intel\Intel(R) Management Engine Components\IPT;C:\Program Files (x86)\Intel\Intel(R) Management Engine Components\DAL;C:\Program Files (x86)\Intel\Intel(R) Management Engine Components\IPT;C:\Program Files\Microsoft SQL Server\110\Tools\Binn\;C:\Program Files\AuthenTec TrueSuite\;C:\Program Files\AuthenTec TrueSuite\x86\;E:\MacType;E:\Java\jdk1.8.0_25\bin;E:\adt-bundle-windows-x86_64-20140702\sdk\platform-tools;E:\Python;C:\Program Files (x86)\GtkSharp\2.12\bin;E:\apache-ant-1.9.4\bin;C:\Users\Scarb\.dnx\bin;C:\Program Files\Microsoft DNX\Dnvm\;C:\Program Files (x86)\Windows Kits\8.1\Windows Performance Toolkit\;E:\Cocos\frameworks\cocos2d-x-3.8\tools\cocos2d-console\bin;E:\cocos2d-x-3.8.1\templates;E:\Cocos-Framework-3.7\frameworks\cocos2d-x-3.8.1\tools\cocos2d-console\bin;E:\Cocos\tools\Python27;E:\Git\cmd;E:\Python27\Lib\site-packages\vtk;E:\Python27\gnuplot\binary;E:\Python27\Lib\site-packages\osgeo;C:\Program Files\Microsoft SQL Server\120\DTS\Binn\;C:\Program Files\Microsoft SQL Server\Client SDK\ODBC\110\Tools\Binn\;C:\Program Files (x86)\Microsoft SQL Server\120\Tools\Binn\;C:\Program Files\Microsoft SQL Server\120\Tools\Binn\;C:\Program Files (x86)\Microsoft SQL Server\120\Tools\Binn\ManagementStudio\;C:\Program Files (x86)\Microsoft SQL Server\120\DTS\Binn\;E:\nodejs\;E:\Python35\Scripts\;E:\Python35\;E:\Cocos\Cocos2d-x\Cocos2d-x-3.10\templates;E:\Cocos\Cocos2d-x\Cocos2d-x-3.10\tools\cocos2d-console\bin;;E:\Cocos-Framework-3.7\frameworks\cocos2d-x-3.8.1\tools\cocos2d-console\bin;E:\Cocos\tools\Python27;E:\Microsoft VS Code\bin;C:\Users\Scarb\AppData\Roaming\npm;C:\Program Files (x86)\Microsoft VS Code\bin;."/>
    <property name="java.specification.name" value="Java Platform API Specification"/>
    <property name="java.class.version" value="52.0"/>
    <property name="sun.management.compiler" value="HotSpot 64-Bit Tiered Compilers"/>
    <property name="os.version" value="6.1"/>
    <property name="user.home" value="C:\Users\Scarb"/>
    <property name="user.timezone" value="Asia/Shanghai"/>
    <property name="java.awt.printerjob" value="sun.awt.windows.WPrinterJob"/>
    <property name="java.specification.version" value="1.8"/>
    <property name="idea.launcher.bin.path" value="E:\IntelliJ IDEA\bin"/>
    <property name="file.encoding" value="UTF-8"/>
    <property name="user.name" value="Scarb"/>
    <property name="java.class.path" value="E:\IntelliJ IDEA\plugins\maven\lib\maven3\boot\plexus-classworlds-2.4.jar;E:\IntelliJ IDEA\lib\idea_rt.jar"/>
    <property name="java.vm.specification.version" value="1.8"/>
    <property name="sun.arch.data.model" value="64"/>
    <property name="java.home" value="E:\Java\jdk1.8.0_40\jre"/>
    <property name="sun.java.command" value="com.intellij.rt.execution.application.AppMain org.codehaus.classworlds.Launcher -Didea.version=2016.2.2 package"/>
    <property name="java.specification.vendor" value="Oracle Corporation"/>
    <property name="user.language" value="en"/>
    <property name="awt.toolkit" value="sun.awt.windows.WToolkit"/>
    <property name="java.vm.info" value="mixed mode"/>
    <property name="java.version" value="1.8.0_40"/>
    <property name="java.ext.dirs" value="E:\Java\jdk1.8.0_40\jre\lib\ext;C:\Windows\Sun\Java\lib\ext"/>
    <property name="sun.boot.class.path" value="E:\Java\jdk1.8.0_40\jre\lib\resources.jar;E:\Java\jdk1.8.0_40\jre\lib\rt.jar;E:\Java\jdk1.8.0_40\jre\lib\sunrsasign.jar;E:\Java\jdk1.8.0_40\jre\lib\jsse.jar;E:\Java\jdk1.8.0_40\jre\lib\jce.jar;E:\Java\jdk1.8.0_40\jre\lib\charsets.jar;E:\Java\jdk1.8.0_40\jre\lib\jfr.jar;E:\Java\jdk1.8.0_40\jre\classes"/>
    <property name="java.vendor" value="Oracle Corporation"/>
    <property name="maven.home" value="E:\IntelliJ IDEA\plugins\maven\lib\maven3"/>
    <property name="file.separator" value="\"/>
    <property name="java.vendor.url.bug" value="http://bugreport.sun.com/bugreport/"/>
    <property name="sun.cpu.endian" value="little"/>
    <property name="sun.io.unicode.encoding" value="UnicodeLittle"/>
    <property name="sun.desktop" value="windows"/>
    <property name="sun.cpu.isalist" value="amd64"/>
  </properties>
  <testcase classname="com.scarb.service.LadderServiceTest" name="queryByPage" time="0.641"/>
  <testcase classname="com.scarb.service.LadderServiceTest" name="selectLadderByIdTest" time="0.007"/>
</testsuite>